<?xml version="1.0" encoding="UTF-8"?>
<!-- Generated by org.testng.reporters.JUnitReportReporter -->
<testsuite hostname="DELL-PC" name="test_scripts.No_Links_Sentitems_Page" tests="1" failures="0" timestamp="4 Jan 2020 03:53:22 GMT" time="59.203" errors="0">
  <testcase name="links_count" time="59.203" classname="test_scripts.No_Links_Sentitems_Page"/>
</testsuite> <!-- test_scripts.No_Links_Sentitems_Page -->
