<?xml version="1.0" encoding="UTF-8"?>
<!-- Generated by org.testng.reporters.JUnitReportReporter -->
<testsuite hostname="DELL-PC" name="test_scripts.Compose_Mail" tests="1" failures="0" timestamp="4 Jan 2020 03:53:22 GMT" time="100.231" errors="0">
  <testcase name="Compose_mail" time="100.231" classname="test_scripts.Compose_Mail"/>
</testsuite> <!-- test_scripts.Compose_Mail -->
