<?xml version="1.0" encoding="UTF-8"?>
<!-- Generated by org.testng.reporters.JUnitReportReporter -->
<testsuite hostname="DELL-PC" name="test_scripts.Login_logout" tests="1" failures="0" timestamp="4 Jan 2020 03:53:22 GMT" time="40.787" errors="0">
  <testcase name="Username_test" time="40.787" classname="test_scripts.Login_logout"/>
</testsuite> <!-- test_scripts.Login_logout -->
